app/build/outputs/logs/manifest-merger-debug-report.txt
-- Merging decision tree log ---
manifest
ADDED from src\main\AndroidManifest.xml:2:1-50:12
INJECTED from src\main\AndroidManifest.xml:2:1-50:12
INJECTED from src\main\AndroidManifest.xml:2:1-50:12
INJECTED from src\main\AndroidManifest.xml:2:1-50:12
MERGED from [com.android.support.constraint:constraint-layout:1.1.3] AndroidManifest.xml:2:1-11:12
MERGED from [com.android.support:appcompat-v7:26.0.0] AndroidManifest.xml:17:1-31:12
MERGED from [pl.droidsonroids.gif:android-gif-drawable:1.2.1] AndroidManifest.xml:2:1-11:12
MERGED from [me.jessyan:autosize:1.1.2] AndroidManifest.xml:2:1-19:12
MERGED from [com.android.support:recyclerview-v7:26.0.0] AndroidManifest.xml:17:1-28:12
MERGED from [com.android.support:animated-vector-drawable:26.0.0] AndroidManifest.xml:17:1-28:12
MERGED from [com.android.support:support-vector-drawable:26.0.0] AndroidManifest.xml:17:1-28:12
MERGED from [com.android.support:support-v4:26.0.0] AndroidManifest.xml:17:1-31:12
MERGED from [com.android.support:support-fragment:26.0.0] AndroidManifest.xml:17:1-31:12
MERGED from [com.android.support:support-core-ui:26.0.0] AndroidManifest.xml:17:1-31:12
MERGED from [com.android.support:support-media-compat:26.0.0] AndroidManifest.xml:17:1-31:12
MERGED from [com.android.support:support-core-utils:26.0.0] AndroidManifest.xml:17:1-31:12
MERGED from [com.android.support:support-compat:26.0.0] AndroidManifest.xml:17:1-31:12
INJECTED from src\main\AndroidManifest.xml:2:1-50:12
INJECTED from src\main\AndroidManifest.xml:2:1-50:12
INJECTED from src\main\AndroidManifest.xml:2:1-50:12
	package
		ADDED from src\main\AndroidManifest.xml:3:5-26
		INJECTED from src\main\AndroidManifest.xml
		INJECTED from src\main\AndroidManifest.xml
	android:versionName
		INJECTED from src\main\AndroidManifest.xml
		ADDED from src\main\AndroidManifest.xml:2:1-50:12
		INJECTED from src\main\AndroidManifest.xml
	android:versionCode
		INJECTED from src\main\AndroidManifest.xml
		ADDED from src\main\AndroidManifest.xml:2:1-50:12
		INJECTED from src\main\AndroidManifest.xml
	xmlns:android
		ADDED from src\main\AndroidManifest.xml:2:11-69
uses-permission#com.huawei.android.launcher.permission.CHANGE_BADGE 
ADDED from src\main\AndroidManifest.xml:6:5-91
	android:name
		ADDED from src\main\AndroidManifest.xml:6:22-89
uses-permission#android.permission.INTERNET
ADDED from src\main\AndroidManifest.xml:7:5-66
	android:name
		ADDED from src\main\AndroidManifest.xml:7:22-64
application
ADDED from src\main\AndroidManifest.xml:9:5-49:19
MERGED from [com.android.support.constraint:constraint-layout:1.1.3] AndroidManifest.xml:9:5-20
MERGED from [com.android.support.constraint:constraint-layout:1.1.3] AndroidManifest.xml:9:5-20
MERGED from [com.android.support:appcompat-v7:26.0.0] AndroidManifest.xml:25:5-29:19
MERGED from [com.android.support:appcompat-v7:26.0.0] AndroidManifest.xml:25:5-29:19
MERGED from [me.jessyan:autosize:1.1.2] AndroidManifest.xml:11:5-17:19
MERGED from [me.jessyan:autosize:1.1.2] AndroidManifest.xml:11:5-17:19
MERGED from [com.android.support:recyclerview-v7:26.0.0] AndroidManifest.xml:22:5-26:19
MERGED from [com.android.support:recyclerview-v7:26.0.0] AndroidManifest.xml:22:5-26:19
MERGED from [com.android.support:animated-vector-drawable:26.0.0] AndroidManifest.xml:22:5-26:19
MERGED from [com.android.support:animated-vector-drawable:26.0.0] AndroidManifest.xml:22:5-26:19
MERGED from [com.android.support:support-vector-drawable:26.0.0] AndroidManifest.xml:22:5-26:19
MERGED from [com.android.support:support-vector-drawable:26.0.0] AndroidManifest.xml:22:5-26:19
MERGED from [com.android.support:support-v4:26.0.0] AndroidManifest.xml:25:5-29:19
MERGED from [com.android.support:support-v4:26.0.0] AndroidManifest.xml:25:5-29:19
MERGED from [com.android.support:support-fragment:26.0.0] AndroidManifest.xml:25:5-29:19
MERGED from [com.android.support:support-fragment:26.0.0] AndroidManifest.xml:25:5-29:19
MERGED from [com.android.support:support-core-ui:26.0.0] AndroidManifest.xml:25:5-29:19
MERGED from [com.android.support:support-core-ui:26.0.0] AndroidManifest.xml:25:5-29:19
MERGED from [com.android.support:support-media-compat:26.0.0] AndroidManifest.xml:25:5-29:19
MERGED from [com.android.support:support-media-compat:26.0.0] AndroidManifest.xml:25:5-29:19
MERGED from [com.android.support:support-core-utils:26.0.0] AndroidManifest.xml:25:5-29:19
MERGED from [com.android.support:support-core-utils:26.0.0] AndroidManifest.xml:25:5-29:19
MERGED from [com.android.support:support-compat:26.0.0] AndroidManifest.xml:25:5-29:19
MERGED from [com.android.support:support-compat:26.0.0] AndroidManifest.xml:25:5-29:19
	android:supportsRtl
		ADDED from src\main\AndroidManifest.xml:15:9-35
	android:label
		ADDED from src\main\AndroidManifest.xml:13:9-41
	android:hardwareAccelerated
		ADDED from src\main\AndroidManifest.xml:16:9-43
	android:largeHeap
		ADDED from src\main\AndroidManifest.xml:14:9-33
	android:icon
		ADDED from src\main\AndroidManifest.xml:12:9-43
	android:allowBackup
		ADDED from src\main\AndroidManifest.xml:11:9-35
	android:theme
		ADDED from src\main\AndroidManifest.xml:17:9-40
	android:name
		ADDED from src\main\AndroidManifest.xml:10:9-38
activity#com.ztq.sdk.activity.MainActivity
ADDED from src\main\AndroidManifest.xml:18:9-24:20
	android:name
		ADDED from src\main\AndroidManifest.xml:18:19-56
intent-filter#action:name:android.intent.action.MAIN+category:name:android.intent.category.LAUNCHER
ADDED from src\main\AndroidManifest.xml:19:13-23:29
action#android.intent.action.MAIN
ADDED from src\main\AndroidManifest.xml:20:17-69
	android:name
		ADDED from src\main\AndroidManifest.xml:20:25-66
category#android.intent.category.LAUNCHER
ADDED from src\main\AndroidManifest.xml:22:17-77
	android:name
		ADDED from src\main\AndroidManifest.xml:22:27-74
activity#com.ztq.sdk.activity.DemoActivity
ADDED from src\main\AndroidManifest.xml:26:9-27:50
	android:hardwareAccelerated
		ADDED from src\main\AndroidManifest.xml:27:13-48
	android:name
		ADDED from src\main\AndroidManifest.xml:26:19-56
activity#com.ztq.sdk.activity.BigPictureActivity
ADDED from src\main\AndroidManifest.xml:28:9-29:49
	android:hardwareAccelerated
		ADDED from src\main\AndroidManifest.xml:29:13-47
	android:name
		ADDED from src\main\AndroidManifest.xml:28:19-62
activity#com.ztq.sdk.activity.LyricsActivity
ADDED from src\main\AndroidManifest.xml:31:9-60
	android:name
		ADDED from src\main\AndroidManifest.xml:31:19-58
activity#com.ztq.sdk.activity.GridviewActivity
ADDED from src\main\AndroidManifest.xml:32:9-62
	android:name
		ADDED from src\main\AndroidManifest.xml:32:19-60
activity#com.ztq.sdk.activity.ZoomImageActivity
ADDED from src\main\AndroidManifest.xml:33:9-63
	android:name
		ADDED from src\main\AndroidManifest.xml:33:19-61
activity#com.ztq.sdk.activity.OverdrawActivity
ADDED from src\main\AndroidManifest.xml:34:9-63
	android:name
		ADDED from src\main\AndroidManifest.xml:34:19-60
activity#com.ztq.sdk.activity.NdkDemoActivity
ADDED from src\main\AndroidManifest.xml:35:9-62
	android:name
		ADDED from src\main\AndroidManifest.xml:35:19-59
activity#com.ztq.sdk.activity.AnimationActivity
ADDED from src\main\AndroidManifest.xml:36:9-64
	android:name
		ADDED from src\main\AndroidManifest.xml:36:19-61
activity#com.ztq.sdk.activity.PetalsRoundActivity
ADDED from src\main\AndroidManifest.xml:37:9-66
	android:name
		ADDED from src\main\AndroidManifest.xml:37:19-63
activity#com.ztq.sdk.activity.MapViewActivity
ADDED from src\main\AndroidManifest.xml:38:9-62
	android:name
		ADDED from src\main\AndroidManifest.xml:38:19-59
activity#com.ztq.sdk.activity.RecyclerViewActivity
ADDED from src\main\AndroidManifest.xml:39:9-67
	android:name
		ADDED from src\main\AndroidManifest.xml:39:19-64
activity#com.ztq.sdk.activity.TimelineActivity
ADDED from src\main\AndroidManifest.xml:40:9-63
	android:name
		ADDED from src\main\AndroidManifest.xml:40:19-60
activity#com.ztq.sdk.activity.NetAPIActivity
ADDED from src\main\AndroidManifest.xml:41:9-61
	android:name
		ADDED from src\main\AndroidManifest.xml:41:19-58
meta-data#design_width_in_dp
ADDED from src\main\AndroidManifest.xml:43:9-45:34
	android:value
		ADDED from src\main\AndroidManifest.xml:45:13-32
	android:name
		ADDED from src\main\AndroidManifest.xml:44:13-46
meta-data#design_height_in_dp
ADDED from src\main\AndroidManifest.xml:46:9-48:34
	android:value
		ADDED from src\main\AndroidManifest.xml:48:13-32
	android:name
		ADDED from src\main\AndroidManifest.xml:47:13-47
uses-sdk
INJECTED from src\main\AndroidManifest.xml reason: use-sdk injection requested
INJECTED from src\main\AndroidManifest.xml
INJECTED from src\main\AndroidManifest.xml
MERGED from [com.android.support.constraint:constraint-layout:1.1.3] AndroidManifest.xml:5:5-7:41
MERGED from [com.android.support.constraint:constraint-layout:1.1.3] AndroidManifest.xml:5:5-7:41
MERGED from [com.android.support:appcompat-v7:26.0.0] AndroidManifest.xml:21:5-23:78
MERGED from [com.android.support:appcompat-v7:26.0.0] AndroidManifest.xml:21:5-23:78
MERGED from [pl.droidsonroids.gif:android-gif-drawable:1.2.1] AndroidManifest.xml:7:5-9:41
MERGED from [pl.droidsonroids.gif:android-gif-drawable:1.2.1] AndroidManifest.xml:7:5-9:41
MERGED from [me.jessyan:autosize:1.1.2] AndroidManifest.xml:7:5-9:41
MERGED from [me.jessyan:autosize:1.1.2] AndroidManifest.xml:7:5-9:41
MERGED from [com.android.support:recyclerview-v7:26.0.0] AndroidManifest.xml:20:5-44
MERGED from [com.android.support:recyclerview-v7:26.0.0] AndroidManifest.xml:20:5-44
MERGED from [com.android.support:animated-vector-drawable:26.0.0] AndroidManifest.xml:20:5-44
MERGED from [com.android.support:animated-vector-drawable:26.0.0] AndroidManifest.xml:20:5-44
MERGED from [com.android.support:support-vector-drawable:26.0.0] AndroidManifest.xml:20:5-44
MERGED from [com.android.support:support-vector-drawable:26.0.0] AndroidManifest.xml:20:5-44
MERGED from [com.android.support:support-v4:26.0.0] AndroidManifest.xml:21:5-23:54
MERGED from [com.android.support:support-v4:26.0.0] AndroidManifest.xml:21:5-23:54
MERGED from [com.android.support:support-fragment:26.0.0] AndroidManifest.xml:21:5-23:60
MERGED from [com.android.support:support-fragment:26.0.0] AndroidManifest.xml:21:5-23:60
MERGED from [com.android.support:support-core-ui:26.0.0] AndroidManifest.xml:21:5-23:58
MERGED from [com.android.support:support-core-ui:26.0.0] AndroidManifest.xml:21:5-23:58
MERGED from [com.android.support:support-media-compat:26.0.0] AndroidManifest.xml:21:5-23:63
MERGED from [com.android.support:support-media-compat:26.0.0] AndroidManifest.xml:21:5-23:63
MERGED from [com.android.support:support-core-utils:26.0.0] AndroidManifest.xml:21:5-23:61
MERGED from [com.android.support:support-core-utils:26.0.0] AndroidManifest.xml:21:5-23:61
MERGED from [com.android.support:support-compat:26.0.0] AndroidManifest.xml:21:5-23:58
MERGED from [com.android.support:support-compat:26.0.0] AndroidManifest.xml:21:5-23:58
INJECTED from src\main\AndroidManifest.xml
INJECTED from src\main\AndroidManifest.xml
	tools:overrideLibrary
		ADDED from [com.android.support:appcompat-v7:26.0.0] AndroidManifest.xml:23:9-75
	android:targetSdkVersion
		INJECTED from src\main\AndroidManifest.xml
		ADDED from src\main\AndroidManifest.xml
		INJECTED from src\main\AndroidManifest.xml
	android:minSdkVersion
		INJECTED from src\main\AndroidManifest.xml
		ADDED from src\main\AndroidManifest.xml
		INJECTED from src\main\AndroidManifest.xml
meta-data#android.support.VERSION
ADDED from [com.android.support:appcompat-v7:26.0.0] AndroidManifest.xml:26:9-28:38
MERGED from [com.android.support:recyclerview-v7:26.0.0] AndroidManifest.xml:23:9-25:38
MERGED from [com.android.support:recyclerview-v7:26.0.0] AndroidManifest.xml:23:9-25:38
MERGED from [com.android.support:animated-vector-drawable:26.0.0] AndroidManifest.xml:23:9-25:38
MERGED from [com.android.support:animated-vector-drawable:26.0.0] AndroidManifest.xml:23:9-25:38
MERGED from [com.android.support:support-vector-drawable:26.0.0] AndroidManifest.xml:23:9-25:38
MERGED from [com.android.support:support-vector-drawable:26.0.0] AndroidManifest.xml:23:9-25:38
MERGED from [com.android.support:support-v4:26.0.0] AndroidManifest.xml:26:9-28:38
MERGED from [com.android.support:support-v4:26.0.0] AndroidManifest.xml:26:9-28:38
MERGED from [com.android.support:support-fragment:26.0.0] AndroidManifest.xml:26:9-28:38
MERGED from [com.android.support:support-fragment:26.0.0] AndroidManifest.xml:26:9-28:38
MERGED from [com.android.support:support-core-ui:26.0.0] AndroidManifest.xml:26:9-28:38
MERGED from [com.android.support:support-core-ui:26.0.0] AndroidManifest.xml:26:9-28:38
MERGED from [com.android.support:support-media-compat:26.0.0] AndroidManifest.xml:26:9-28:38
MERGED from [com.android.support:support-media-compat:26.0.0] AndroidManifest.xml:26:9-28:38
MERGED from [com.android.support:support-core-utils:26.0.0] AndroidManifest.xml:26:9-28:38
MERGED from [com.android.support:support-core-utils:26.0.0] AndroidManifest.xml:26:9-28:38
MERGED from [com.android.support:support-compat:26.0.0] AndroidManifest.xml:26:9-28:38
MERGED from [com.android.support:support-compat:26.0.0] AndroidManifest.xml:26:9-28:38
	android:value
		ADDED from [com.android.support:appcompat-v7:26.0.0] AndroidManifest.xml:28:13-35
	android:name
		ADDED from [com.android.support:appcompat-v7:26.0.0] AndroidManifest.xml:27:13-51
provider#me.jessyan.autosize.InitProvider
ADDED from [me.jessyan:autosize:1.1.2] AndroidManifest.xml:12:9-16:43
	android:authorities
		ADDED from [me.jessyan:autosize:1.1.2] AndroidManifest.xml:14:13-74
	android:multiprocess
		ADDED from [me.jessyan:autosize:1.1.2] AndroidManifest.xml:16:13-40
	android:exported
		ADDED from [me.jessyan:autosize:1.1.2] AndroidManifest.xml:15:13-37
	android:name
		ADDED from [me.jessyan:autosize:1.1.2] AndroidManifest.xml:13:13-60